Arguments: 
  D:\nvm\nodejs\node.exe C:\Program Files (x86)\Yarn\bin\yarn.js

PATH: 
  C:\Users\lihw02\bin;D:\Program Files\Git\mingw64\bin;D:\Program Files\Git\usr\local\bin;D:\Program Files\Git\usr\bin;D:\Program Files\Git\usr\bin;D:\Program Files\Git\mingw64\bin;D:\Program Files\Git\usr\bin;C:\Users\lihw02\bin;D:\Program Files (x86)\NetSarang\Xshell 6;C:\Program Files (x86)\NetSarang\Xftp 6;C:\WINDOWS\system32;C:\WINDOWS;C:\WINDOWS\System32\Wbem;C:\WINDOWS\System32\WindowsPowerShell\v1.0;D:\Program Files\Git\cmd;C:\Program Files\TortoiseGit\bin;C:\Program Files (x86)\Yarn\bin;C:\Program Files\TortoiseSVN\bin;C:\WINDOWS\System32\OpenSSH;C:\Program Files\Docker\Docker\resources\bin;C:\ProgramData\DockerDesktop\version-bin;C:\Users\lihw02\.windows-build-tools\python27;D:\nvm\npm\node_modules\npm\node_modules\npm-lifecycle\node-gyp-bin;D:\nvm\npm\node_modules\windows-build-tools\node_modules\.bin;D:\nvm\npm\node_modules\.bin;D:\Program Files\Git\mingw64\bin;D:\Program Files\Git\usr\bin;C:\Users\lihw02\bin;C:\Windows\system32;C:\Windows;C:\Windows\System32\Wbem;C:\Windows\System32\WindowsPowerShell\v1.0;D:\Program Files\Git\cmd;C:\Program Files\TortoiseGit\bin;C:\Program Files (x86)\Yarn\bin;C:\Users\lihw02\AppData\Local\Microsoft\WindowsApps;D:\Users\lihw02\AppData\Local\Programs\Microsoft VS Code\bin;D:\nvm;D:\nvm\npm;D:\nvm\nodejs;C:\Users\lihw02\AppData\Local\Yarn\bin;D:\Users\lihw02\AppData\Local\Programs\Microsoft VS Code\bin;C:\Users\lihw02\AppData\Local\Microsoft\WindowsApps;C:\Users\lihw02\AppData\Local\Programs\Fiddler;D:\nvm\npm\bin;D:\Program Files\Git\usr\bin\vendor_perl;D:\Program Files\Git\usr\bin\core_perl

Yarn version: 
  1.13.0

Node version: 
  12.16.2

Platform: 
  win32 x64

Trace: 
  Error: read ECONNRESET
      at TLSWrap.onStreamRead (internal/stream_base_commons.js:205:27)

npm manifest: 
  {
    "name": "gitbook-plugin-theme-gestalt",
    "description": "A configurable theme for GitBook",
    "main": "./index.js",
    "version": "1.0.7",
    "engines": {
      "gitbook": ">=3.0.0"
    },
    "devDependencies": {
      "browser-sync": "^2.18.12",
      "browserify": "13.1.0",
      "font-awesome": "4.6.3",
      "gulp": "github:gulpjs/gulp#4.0",
      "gulp-browserify": "^0.5.1",
      "gulp-concat": "^2.6.1",
      "gulp-exec": "^2.1.3",
      "gulp-ignore": "^2.0.2",
      "gulp-rename": "^1.2.2",
      "gulp-sass": "^3.1.0",
      "jquery": "3.1.1",
      "merge-stream": "^1.0.1",
      "mousetrap": "^1.6.1"
    },
    "scripts": {
      "prepublish": "gulp build"
    },
    "repository": {
      "type": "git",
      "url": "https://github.com/antonlegoo/gitbook-plugin-theme-gestalt"
    },
    "author": "Anton Legoo <azeven@gmail.com>",
    "license": "Apache-2.0",
    "bugs": {
      "url": "https://github.com/antonlegoo/gitbook-plugin-theme-gestalt/issues"
    },
    "gitbook": {
      "properties": {
        "styles": {
          "type": "object",
          "title": "Custom Stylesheets",
          "properties": {
            "website": {
              "title": "Stylesheet for website output",
              "default": "styles/website.css"
            }
          }
        },
        "showLevel": {
          "type": "boolean",
          "title": "Show level indicator in TOC",
          "default": false
        }
      }
    }
  }

yarn manifest: 
  No manifest

Lockfile: 
  No lockfile
